<?xml version="1.0" encoding="UTF-8"?>
<testsuite xmlns:xsi="http://www.w3.org/2001/XMLSchema-instance" xsi:noNamespaceSchemaLocation="https://maven.apache.org/surefire/maven-surefire-plugin/xsd/surefire-test-report-3.0.xsd" version="3.0" name="TestSuite" time="50.615" tests="5" errors="0" skipped="0" failures="0">
  <properties>
[...]
</properties>
  <testcase name="mercadolibreTestNG[tequila, https://www.mercadolibre.com.co/, juan777@gmail.com, Si, Off, Juan Ortega C.](1)" classname="com.testNG.RunTestNG" time="0.008">
    <system-out><![CDATA[default
default
tequila
https://www.mercadolibre.com.co/
juan777@gmail.com
Si
Off
Juan Ortega C.
No a Seleccionado esta automatizacion
]]></system-out>
    <system-err><![CDATA[nov 19, 2024 11:36:13 PM org.openqa.selenium.remote.service.DriverService$Builder getLogOutput
INFORMACIÓN: Driver logs no longer sent to console by default; https://www.selenium.dev/documentation/webdriver/drivers/service/#setting-log-output
nov 19, 2024 11:36:19 PM org.openqa.selenium.devtools.CdpVersionFinder findNearestMatch
ADVERTENCIA: Unable to find CDP implementation matching 130
nov 19, 2024 11:36:19 PM org.openqa.selenium.chromium.ChromiumDriver lambda$new$4
ADVERTENCIA: Unable to find version of CDP to use for . You may need to include a dependency on a specific version of the CDP using something similar to `org.seleniumhq.selenium:selenium-devtools-v86:4.10.0` where the version ("v86") matches the version of the chromium-based browser you're using and the version number of the artifact is the same as Selenium's.
ERROR StatusLogger Log4j2 could not find a logging implementation. Please add log4j-core to the classpath. Using SimpleLogger to log to the console...
]]></system-err>
  </testcase>
  <testcase name="mercadolibreCrearCuentaTestNG[https://www.mercadolibre.com.co/, juan777@gmail.com, Si, Off, Juan Ortega C.](1)" classname="com.testNG.RunTestNG" time="0">
    <system-out><![CDATA[https://www.mercadolibre.com.co/
juan777@gmail.com
Si
Off
Juan Ortega C.
No a Seleccionado esta automatizacion
]]></system-out>
  </testcase>
  <testcase name="mercurytoursTestNG[Juan, Ortega, 3007788909, juanortega@evertecinc.co, calle 52b sur #87-78, Bogota, Bogota, 90908, SERBIA, Jpablo, 1234, 1234, https://demo.guru99.com/selenium/newtours/register.php, No, On, Juan Ortega C.](1)" classname="com.testNG.RunTestNG" time="36.781">
    <system-out><![CDATA[Juan
Ortega
3007788909
juanortega@evertecinc.co
calle 52b sur #87-78
Bogota
Bogota
90908
SERBIA
Jpablo
1234
1234
https://demo.guru99.com/selenium/newtours/register.php
No
On
Juan Ortega C.
]]></system-out>
  </testcase>
  <testcase name="ToolsQAAlertsTestNG[https://demoqa.com/, automatizacion, Si, Off, Juan Ortega C.](1)" classname="com.testNG.RunTestNG" time="0.001">
    <system-out><![CDATA[https://demoqa.com/
automatizacion
Si
Off
Juan Ortega C.
No a Seleccionado esta automatizacion
]]></system-out>
  </testcase>
  <testcase name="ToolsQAWidgetsTestNG[https://demoqa.com/, juan777@gmail.com, Si, Off, Juan Ortega C.](1)" classname="com.testNG.RunTestNG" time="0">
    <system-out><![CDATA[https://demoqa.com/
juan777@gmail.com
Si
Off
Juan Ortega C.
No a Seleccionado esta automatizacion
]]></system-out>
  </testcase>
</testsuite>