<?xml version="1.0" encoding="UTF-8"?>
<!-- Generated by org.testng.reporters.JUnitXMLReporter -->
<testsuite hostname="DESKTOP-36QT5DK" ignored="0" name="Surefire test" tests="5" failures="0" timestamp="2024-11-19T23:37:02 COT" time="48.752" errors="0">
  <testcase name="mercadolibreTestNG" time="0.005" classname="com.testNG.RunTestNG"/>
  <testcase name="mercadolibreCrearCuentaTestNG" time="0.001" classname="com.testNG.RunTestNG"/>
  <testcase name="mercurytoursTestNG" time="36.791" classname="com.testNG.RunTestNG"/>
  <testcase name="ToolsQAAlertsTestNG" time="0.0" classname="com.testNG.RunTestNG"/>
  <testcase name="ToolsQAWidgetsTestNG" time="0.001" classname="com.testNG.RunTestNG"/>
</testsuite> <!-- Surefire test -->
